<?xml version="1.0" encoding="UTF-8"?>
<!-- Generated by org.testng.reporters.JUnitXMLReporter -->
<testsuite hostname="DESKTOP-FV0I4VU" ignored="0" name="Test" tests="3" failures="0" timestamp="17 Jun 2019 22:00:35 GMT" time="126.705" errors="0">
  <testcase name="totalValidation" time="50.649" classname="practise.AppiumFramework.Ecommerce_tc_4"/>
  <testcase name="apiDemoTest" time="37.761" classname="practise.AppiumFramework.ApiDemoTest"/>
  <testcase name="apiDemoTest" time="35.186" classname="practise.AppiumFramework.ApiDemoTest"/>
</testsuite> <!-- Test -->
