<?xml version="1.0" encoding="UTF-8"?>
<testng-results skipped="0" failed="0" ignored="0" total="3" passed="3">
  <reporter-output>
  </reporter-output>
  <suite name="Suite" duration-ms="126705" started-at="2019-06-17T21:58:28Z" finished-at="2019-06-17T22:00:34Z">
    <groups>
    </groups>
    <test name="Test" duration-ms="126705" started-at="2019-06-17T21:58:28Z" finished-at="2019-06-17T22:00:34Z">
      <class name="practise.AppiumFramework.Ecommerce_tc_4">
        <test-method status="PASS" signature="killAllNodes()[pri:0, instance:practise.AppiumFramework.Ecommerce_tc_4@5e5792a0]" name="killAllNodes" is-config="true" duration-ms="3022" started-at="2019-06-17T21:58:28Z" finished-at="2019-06-17T21:58:31Z">
          <reporter-output>
          </reporter-output>
        </test-method> <!-- killAllNodes -->
        <test-method status="PASS" signature="totalValidation()[pri:0, instance:practise.AppiumFramework.Ecommerce_tc_4@5e5792a0]" name="totalValidation" duration-ms="50649" started-at="2019-06-17T21:58:31Z" finished-at="2019-06-17T21:59:22Z">
          <reporter-output>
          </reporter-output>
        </test-method> <!-- totalValidation -->
      </class> <!-- practise.AppiumFramework.Ecommerce_tc_4 -->
      <class name="practise.AppiumFramework.ApiDemoTest">
        <test-method status="PASS" signature="apiDemoTest(java.lang.String)[pri:0, instance:practise.AppiumFramework.ApiDemoTest@26653222]" name="apiDemoTest" duration-ms="37761" started-at="2019-06-17T21:59:22Z" data-provider="InputData" finished-at="2019-06-17T21:59:59Z">
          <params>
            <param index="0">
              <value>
                <![CDATA[hello]]>
              </value>
            </param>
          </params>
          <reporter-output>
          </reporter-output>
        </test-method> <!-- apiDemoTest -->
        <test-method status="PASS" signature="apiDemoTest(java.lang.String)[pri:0, instance:practise.AppiumFramework.ApiDemoTest@26653222]" name="apiDemoTest" duration-ms="35186" started-at="2019-06-17T21:59:59Z" data-provider="InputData" finished-at="2019-06-17T22:00:34Z">
          <params>
            <param index="0">
              <value>
                <![CDATA[@#$%]]>
              </value>
            </param>
          </params>
          <reporter-output>
          </reporter-output>
        </test-method> <!-- apiDemoTest -->
      </class> <!-- practise.AppiumFramework.ApiDemoTest -->
    </test> <!-- Test -->
  </suite> <!-- Suite -->
</testng-results>
